#
# A fatal error has been detected by the Java Runtime Environment:
#
#  EXCEPTION_ACCESS_VIOLATION (0xc0000005) at pc=0x00007ffb7e2a3c53, pid=18632, tid=0x00000000000055b4
#
# JRE version: OpenJDK Runtime Environment (8.0_242-b01) (build 1.8.0_242-release-1644-b01)
# Java VM: OpenJDK 64-Bit Server VM (25.242-b01 mixed mode windows-amd64 compressed oops)
# Problematic frame:
# C  [ig9icd64.dll+0x9c3c53]
#
# Failed to write core dump. Minidumps are not enabled by default on client versions of Windows
#
# If you would like to submit a bug report, please visit:
#   
# The crash happened outside the Java Virtual Machine in native code.
# See problematic frame for where to report the bug.
#

---------------  T H R E A D  ---------------

Current thread (0x000000001ac2a800):  JavaThread "LWJGL Application" [_thread_in_native, id=21940, stack(0x000000001b8d0000,0x000000001b9d0000)]

siginfo: ExceptionCode=0xc0000005, reading address 0x00007ffebe4b9f50

Registers:
RAX=0x000000000fff0fff, RBX=0x00007ffb7d8e0000, RCX=0x000000033fcf3fcc, RDX=0x000000001b9cecc0
RSP=0x000000001b9ce7a8, RBP=0x000000001b9ce8b0, RSI=0x000000001c810000, RDI=0x000000001b9ceab0
R8 =0x000000001b9ce8e0, R9 =0x000000001b9cecc0, R10=0x000000001b9ceab0, R11=0x0000000000000000
R12=0x00007ffb7e70a420, R13=0x0000000000000000, R14=0x0000000000000000, R15=0x00000000000001c1
RIP=0x00007ffb7e2a3c53, EFLAGS=0x0000000000010206

Top of Stack: (sp=0x000000001b9ce7a8)
0x000000001b9ce7a8:   00007ffb7e2a138b 0000000000000001
0x000000001b9ce7b8:   0000000000000000 0000000000000000
0x000000001b9ce7c8:   0000000000000000 0000000000000000
0x000000001b9ce7d8:   0000000000000010 0000000000bb0000
0x000000001b9ce7e8:   000000001b9ce8a9 000000000000000c
0x000000001b9ce7f8:   00007ffbb9bfb3c7 0000000000b00000
0x000000001b9ce808:   0000000000000000 0000000000ba2c00
0x000000001b9ce818:   00007ffbb79a5d94 0000000000000000
0x000000001b9ce828:   0000000000000020 0000000200000018
0x000000001b9ce838:   0000000000ba2c00 0000000000000000
0x000000001b9ce848:   00007ffbb79a5c6f 0000000000000000
0x000000001b9ce858:   0000000000000000 000000006601126f
0x000000001b9ce868:   000000001b3e0160 0000000000006601
0x000000001b9ce878:   00007ffbb9bfb86b 0000000000cc0054
0x000000001b9ce888:   0000000000000041 000000001d242840
0x000000001b9ce898:   000000001b9ceb20 000000001b9ce8f0 

Instructions: (pc=0x00007ffb7e2a3c53)
0x00007ffb7e2a3c33:   40 44 8b 84 19 6c 5f ee 00 41 89 40 48 8b 84 19
0x00007ffb7e2a3c43:   70 5f ee 00 41 89 40 4c 49 63 42 78 48 6b c8 34
0x00007ffb7e2a3c53:   8b 84 19 84 5f ee 00 41 89 40 50 8b 84 19 88 5f
0x00007ffb7e2a3c63:   ee 00 41 89 40 54 8b 84 19 8c 5f ee 00 41 89 40 


Register to memory mapping:

RAX=0x000000000fff0fff is an unknown value
RBX=0x00007ffb7d8e0000 is an unknown value
RCX=0x000000033fcf3fcc is an unknown value
RDX=0x000000001b9cecc0 is pointing into the stack for thread: 0x000000001ac2a800
RSP=0x000000001b9ce7a8 is pointing into the stack for thread: 0x000000001ac2a800
RBP=0x000000001b9ce8b0 is pointing into the stack for thread: 0x000000001ac2a800
RSI=0x000000001c810000 is an unknown value
RDI=0x000000001b9ceab0 is pointing into the stack for thread: 0x000000001ac2a800
R8 =0x000000001b9ce8e0 is pointing into the stack for thread: 0x000000001ac2a800
R9 =0x000000001b9cecc0 is pointing into the stack for thread: 0x000000001ac2a800
R10=0x000000001b9ceab0 is pointing into the stack for thread: 0x000000001ac2a800
R11=0x0000000000000000 is an unknown value
R12=0x00007ffb7e70a420 is an unknown value
R13=0x0000000000000000 is an unknown value
R14=0x0000000000000000 is an unknown value
R15=0x00000000000001c1 is an unknown value


Stack: [0x000000001b8d0000,0x000000001b9d0000],  sp=0x000000001b9ce7a8,  free space=1017k
Native frames: (J=compiled Java code, j=interpreted, Vv=VM code, C=native code)
C  [ig9icd64.dll+0x9c3c53]
C  [ig9icd64.dll+0x9c138b]
C  [ig9icd64.dll+0x9caad7]
C  [ig9icd64.dll+0x5d7393]
C  [ig9icd64.dll+0x5d85a6]
C  [ig9icd64.dll+0x5a5c0b]
C  [ig9icd64.dll+0x924594]
C  0x0000000002c78a07

Java frames: (J=compiled Java code, j=interpreted, Vv=VM code)
j  org.lwjgl.opengl.GL11.nglClear(IJ)V+0
j  org.lwjgl.opengl.GL11.glClear(I)V+15
j  com.badlogic.gdx.backends.lwjgl.LwjglGL20.glClear(I)V+1
j  com.serhatmerak.wordlist.screens.FirstScreen.render(F)V+38
j  com.badlogic.gdx.Game.render()V+19
j  com.badlogic.gdx.backends.lwjgl.LwjglApplication.mainLoop()V+776
j  com.badlogic.gdx.backends.lwjgl.LwjglApplication$1.run()V+27
v  ~StubRoutines::call_stub

---------------  P R O C E S S  ---------------

Java Threads: ( => current thread )
  0x000000001b005000 JavaThread "LWJGL Timer" daemon [_thread_blocked, id=9924, stack(0x00000000291a0000,0x00000000292a0000)]
  0x0000000027387000 JavaThread "AWT-Windows" daemon [_thread_in_native, id=14980, stack(0x0000000028870000,0x0000000028970000)]
  0x0000000027385800 JavaThread "Java2D Disposer" daemon [_thread_blocked, id=11748, stack(0x0000000028670000,0x0000000028770000)]
  0x0000000002b62800 JavaThread "DestroyJavaVM" [_thread_blocked, id=1096, stack(0x0000000002960000,0x0000000002a60000)]
=>0x000000001ac2a800 JavaThread "LWJGL Application" [_thread_in_native, id=21940, stack(0x000000001b8d0000,0x000000001b9d0000)]
  0x0000000019a41800 JavaThread "Service Thread" daemon [_thread_blocked, id=2856, stack(0x000000001a570000,0x000000001a670000)]
  0x00000000199b4800 JavaThread "C1 CompilerThread3" daemon [_thread_blocked, id=16064, stack(0x000000001a470000,0x000000001a570000)]
  0x00000000199b0800 JavaThread "C2 CompilerThread2" daemon [_thread_blocked, id=7804, stack(0x000000001a370000,0x000000001a470000)]
  0x00000000199a5800 JavaThread "C2 CompilerThread1" daemon [_thread_blocked, id=20668, stack(0x000000001a270000,0x000000001a370000)]
  0x00000000199a2800 JavaThread "C2 CompilerThread0" daemon [_thread_blocked, id=8980, stack(0x000000001a170000,0x000000001a270000)]
  0x00000000199a1800 JavaThread "Attach Listener" daemon [_thread_blocked, id=12140, stack(0x000000001a070000,0x000000001a170000)]
  0x00000000199a0000 JavaThread "Signal Dispatcher" daemon [_thread_blocked, id=17572, stack(0x0000000019f70000,0x000000001a070000)]
  0x0000000019990800 JavaThread "Finalizer" daemon [_thread_blocked, id=17880, stack(0x0000000019e70000,0x0000000019f70000)]
  0x0000000017b9b800 JavaThread "Reference Handler" daemon [_thread_blocked, id=21832, stack(0x0000000019d70000,0x0000000019e70000)]

Other Threads:
  0x0000000017b96800 VMThread [stack: 0x0000000019870000,0x0000000019970000] [id=20316]
  0x0000000019a42800 WatcherThread [stack: 0x000000001a670000,0x000000001a770000] [id=18896]

VM state:not at safepoint (normal execution)

VM Mutex/Monitor currently owned by a thread: None

heap address: 0x0000000082000000, size: 2016 MB, Compressed Oops mode: 32-bit
Narrow klass base: 0x0000000000000000, Narrow klass shift: 3
Compressed class space size: 1073741824 Address: 0x0000000100000000

Heap:
 PSYoungGen      total 37888K, used 11683K [0x00000000d6000000, 0x00000000d8a00000, 0x0000000100000000)
  eden space 32768K, 20% used [0x00000000d6000000,0x00000000d666a728,0x00000000d8000000)
  from space 5120K, 99% used [0x00000000d8500000,0x00000000d89fe730,0x00000000d8a00000)
  to   space 5120K, 0% used [0x00000000d8000000,0x00000000d8000000,0x00000000d8500000)
 ParOldGen       total 86016K, used 6342K [0x0000000082000000, 0x0000000087400000, 0x00000000d6000000)
  object space 86016K, 7% used [0x0000000082000000,0x0000000082631b58,0x0000000087400000)
 Metaspace       used 12543K, capacity 12731K, committed 12928K, reserved 1060864K
  class space    used 1260K, capacity 1356K, committed 1408K, reserved 1048576K

Card table byte_map: [0x0000000012020000,0x0000000012420000] byte_map_base: 0x0000000011c10000

Marking Bits: (ParMarkBitMap*) 0x000000006256f030
 Begin Bits: [0x0000000012ec0000, 0x0000000014e40000)
 End Bits:   [0x0000000014e40000, 0x0000000016dc0000)

Polling page: 0x0000000002880000

CodeCache: size=245760Kb used=5027Kb max_used=5044Kb free=240732Kb
 bounds [0x0000000002c60000, 0x0000000003160000, 0x0000000011c60000]
 total_blobs=1947 nmethods=1378 adapters=482
 compilation: enabled

Compilation events (10 events):
Event: 5.096 Thread 0x00000000199a5800 1374       4       com.badlogic.gdx.graphics.glutils.VertexArray::bind (347 bytes)
Event: 5.112 Thread 0x00000000199b4800 1375       1       com.badlogic.gdx.scenes.scene2d.Actor::getY (5 bytes)
Event: 5.112 Thread 0x00000000199b4800 nmethod 1375 0x0000000003141350 code [0x00000000031414a0, 0x00000000031415b0]
Event: 5.129 Thread 0x00000000199b4800 1376       3       com.badlogic.gdx.scenes.scene2d.Actor::moveBy (37 bytes)
Event: 5.130 Thread 0x00000000199b4800 nmethod 1376 0x0000000003140d50 code [0x0000000003140ec0, 0x00000000031411d0]
Event: 5.130 Thread 0x00000000199b4800 1377       3       com.badlogic.gdx.backends.lwjgl.LwjglGL20::glDepthMask (5 bytes)
Event: 5.131 Thread 0x00000000199b4800 nmethod 1377 0x0000000003145350 code [0x0000000003145540, 0x0000000003145cd8]
Event: 5.131 Thread 0x00000000199b4800 1378       3       org.lwjgl.opengl.GL11::glDepthMask (19 bytes)
Event: 5.132 Thread 0x00000000199b4800 nmethod 1378 0x0000000003144690 code [0x0000000003144860, 0x0000000003144f78]
Event: 5.163 Thread 0x00000000199a5800 nmethod 1374 0x000000000314c950 code [0x000000000314cb80, 0x000000000314e448]

GC Heap History (4 events):
Event: 2.986 GC heap before
{Heap before GC invocations=1 (full 0):
 PSYoungGen      total 37888K, used 32768K [0x00000000d6000000, 0x00000000d8a00000, 0x0000000100000000)
  eden space 32768K, 100% used [0x00000000d6000000,0x00000000d8000000,0x00000000d8000000)
  from space 5120K, 0% used [0x00000000d8500000,0x00000000d8500000,0x00000000d8a00000)
  to   space 5120K, 0% used [0x00000000d8000000,0x00000000d8000000,0x00000000d8500000)
 ParOldGen       total 86016K, used 0K [0x0000000082000000, 0x0000000087400000, 0x00000000d6000000)
  object space 86016K, 0% used [0x0000000082000000,0x0000000082000000,0x0000000087400000)
 Metaspace       used 7065K, capacity 7203K, committed 7424K, reserved 1056768K
  class space    used 643K, capacity 688K, committed 768K, reserved 1048576K
Event: 2.996 GC heap after
Heap after GC invocations=1 (full 0):
 PSYoungGen      total 37888K, used 5114K [0x00000000d6000000, 0x00000000d8a00000, 0x0000000100000000)
  eden space 32768K, 0% used [0x00000000d6000000,0x00000000d6000000,0x00000000d8000000)
  from space 5120K, 99% used [0x00000000d8000000,0x00000000d84febc8,0x00000000d8500000)
  to   space 5120K, 0% used [0x00000000d8500000,0x00000000d8500000,0x00000000d8a00000)
 ParOldGen       total 86016K, used 2889K [0x0000000082000000, 0x0000000087400000, 0x00000000d6000000)
  object space 86016K, 3% used [0x0000000082000000,0x00000000822d2418,0x0000000087400000)
 Metaspace       used 7065K, capacity 7203K, committed 7424K, reserved 1056768K
  class space    used 643K, capacity 688K, committed 768K, reserved 1048576K
}
Event: 3.914 GC heap before
{Heap before GC invocations=2 (full 0):
 PSYoungGen      total 37888K, used 37882K [0x00000000d6000000, 0x00000000d8a00000, 0x0000000100000000)
  eden space 32768K, 100% used [0x00000000d6000000,0x00000000d8000000,0x00000000d8000000)
  from space 5120K, 99% used [0x00000000d8000000,0x00000000d84febc8,0x00000000d8500000)
  to   space 5120K, 0% used [0x00000000d8500000,0x00000000d8500000,0x00000000d8a00000)
 ParOldGen       total 86016K, used 2889K [0x0000000082000000, 0x0000000087400000, 0x00000000d6000000)
  object space 86016K, 3% used [0x0000000082000000,0x00000000822d2418,0x0000000087400000)
 Metaspace       used 11690K, capacity 11893K, committed 12032K, reserved 1060864K
  class space    used 1168K, capacity 1227K, committed 1280K, reserved 1048576K
Event: 3.919 GC heap after
Heap after GC invocations=2 (full 0):
 PSYoungGen      total 37888K, used 5113K [0x00000000d6000000, 0x00000000d8a00000, 0x0000000100000000)
  eden space 32768K, 0% used [0x00000000d6000000,0x00000000d6000000,0x00000000d8000000)
  from space 5120K, 99% used [0x00000000d8500000,0x00000000d89fe730,0x00000000d8a00000)
  to   space 5120K, 0% used [0x00000000d8000000,0x00000000d8000000,0x00000000d8500000)
 ParOldGen       total 86016K, used 6342K [0x0000000082000000, 0x0000000087400000, 0x00000000d6000000)
  object space 86016K, 7% used [0x0000000082000000,0x0000000082631b58,0x0000000087400000)
 Metaspace       used 11690K, capacity 11893K, committed 12032K, reserved 1060864K
  class space    used 1168K, capacity 1227K, committed 1280K, reserved 1048576K
}

Deoptimization events (10 events):
Event: 3.827 Thread 0x000000001ac2a800 Uncommon trap: reason=unstable_if action=reinterpret pc=0x0000000002fca710 method=java.lang.String.startsWith(Ljava/lang/String;I)Z @ 25
Event: 3.827 Thread 0x000000001ac2a800 Uncommon trap: reason=unstable_if action=reinterpret pc=0x0000000002dabca8 method=java.lang.String.startsWith(Ljava/lang/String;I)Z @ 25
Event: 3.833 Thread 0x000000001ac2a800 Uncommon trap: reason=unstable_if action=reinterpret pc=0x0000000002e7ded0 method=java.lang.AbstractStringBuilder.append(Ljava/lang/String;)Ljava/lang/AbstractStringBuilder; @ 1
Event: 3.834 Thread 0x000000001ac2a800 Uncommon trap: reason=unstable_if action=reinterpret pc=0x0000000002e391c8 method=java.lang.AbstractStringBuilder.append(Ljava/lang/String;)Ljava/lang/AbstractStringBuilder; @ 1
Event: 3.924 Thread 0x000000001ac2a800 Uncommon trap: reason=array_check action=maybe_recompile pc=0x0000000002f2674c method=com.badlogic.gdx.utils.Array.add(Ljava/lang/Object;)V @ 46
Event: 3.924 Thread 0x000000001ac2a800 Uncommon trap: reason=array_check action=maybe_recompile pc=0x0000000002f2674c method=com.badlogic.gdx.utils.Array.add(Ljava/lang/Object;)V @ 46
Event: 3.924 Thread 0x000000001ac2a800 Uncommon trap: reason=array_check action=maybe_recompile pc=0x0000000002f2674c method=com.badlogic.gdx.utils.Array.add(Ljava/lang/Object;)V @ 46
Event: 3.939 Thread 0x000000001ac2a800 Uncommon trap: reason=array_check action=maybe_recompile pc=0x0000000002f2674c method=com.badlogic.gdx.utils.Array.add(Ljava/lang/Object;)V @ 46
Event: 3.955 Thread 0x000000001ac2a800 Uncommon trap: reason=unstable_if action=reinterpret pc=0x0000000002f57c5c method=com.badlogic.gdx.utils.Array.contains(Ljava/lang/Object;Z)Z @ 14
Event: 4.049 Thread 0x000000001ac2a800 Uncommon trap: reason=unstable_if action=reinterpret pc=0x0000000002f58ce8 method=com.badlogic.gdx.utils.Array.contains(Ljava/lang/Object;Z)Z @ 55

Classes redefined (0 events):
No events

Internal exceptions (10 events):
Event: 0.818 Thread 0x0000000002b62800 Exception <a 'java/security/PrivilegedActionException'> (0x00000000d64c0348) thrown at [C:\src\AOSP-openjdk-git\hotspot\src\share\vm\prims\jvm.cpp, line 1502]
Event: 0.819 Thread 0x0000000002b62800 Exception <a 'java/security/PrivilegedActionException'> (0x00000000d64c5560) thrown at [C:\src\AOSP-openjdk-git\hotspot\src\share\vm\prims\jvm.cpp, line 1502]
Event: 0.819 Thread 0x0000000002b62800 Exception <a 'java/security/PrivilegedActionException'> (0x00000000d64c61b8) thrown at [C:\src\AOSP-openjdk-git\hotspot\src\share\vm\prims\jvm.cpp, line 1502]
Event: 0.819 Thread 0x0000000002b62800 Exception <a 'java/security/PrivilegedActionException'> (0x00000000d64c6de0) thrown at [C:\src\AOSP-openjdk-git\hotspot\src\share\vm\prims\jvm.cpp, line 1502]
Event: 3.466 Thread 0x000000001ac2a800 Exception <a 'java/io/FileNotFoundException'> (0x00000000d7c31f40) thrown at [C:\src\AOSP-openjdk-git\hotspot\src\share\vm\prims\jni.cpp, line 710]
Event: 3.568 Thread 0x000000001ac2a800 Exception <a 'java/lang/NoSuchFieldError': method resolution failed> (0x00000000d7d02158) thrown at [C:\src\AOSP-openjdk-git\hotspot\src\share\vm\prims\methodHandles.cpp, line 1167]
Event: 3.571 Thread 0x000000001ac2a800 Exception <a 'java/lang/NoSuchFieldError': method resolution failed> (0x00000000d7d0f478) thrown at [C:\src\AOSP-openjdk-git\hotspot\src\share\vm\prims\methodHandles.cpp, line 1167]
Event: 3.697 Thread 0x000000001ac2a800 Exception <a 'java/io/FileNotFoundException'> (0x00000000d7da7ac0) thrown at [C:\src\AOSP-openjdk-git\hotspot\src\share\vm\prims\jni.cpp, line 710]
Event: 3.833 Thread 0x000000001ac2a800 Implicit null exception at 0x0000000002e7db16 to 0x0000000002e7deb9
Event: 3.834 Thread 0x000000001ac2a800 Implicit null exception at 0x0000000002e38e16 to 0x0000000002e391b1

Events (10 events):
Event: 4.299 Executing VM operation: EnableBiasedLocking done
Event: 4.378 loading class com/badlogic/gdx/scenes/scene2d/InputEvent$Type
Event: 4.378 loading class com/badlogic/gdx/scenes/scene2d/InputEvent$Type done
Event: 4.379 loading class com/badlogic/gdx/scenes/scene2d/InputListener$1
Event: 4.379 loading class com/badlogic/gdx/scenes/scene2d/InputListener$1 done
Event: 4.751 loading class sun/awt/AppContext$PostShutdownEventRunnable
Event: 4.755 loading class sun/awt/AppContext$PostShutdownEventRunnable done
Event: 4.755 loading class sun/awt/AWTAutoShutdown$1
Event: 4.755 loading class sun/awt/AWTAutoShutdown$1 done
Event: 4.756 Thread 0x0000000027386800 Thread exited: 0x0000000027386800


Dynamic libraries:
0x00007ff7ac500000 - 0x00007ff7ac531000 	C:\Program Files\Android\Android Studio\jre\bin\java.exe
0x00007ffbb9bd0000 - 0x00007ffbb9dc5000 	C:\WINDOWS\SYSTEM32\ntdll.dll
0x00007ffbb91b0000 - 0x00007ffbb926d000 	C:\WINDOWS\System32\KERNEL32.DLL
0x00007ffbb74a0000 - 0x00007ffbb7769000 	C:\WINDOWS\System32\KERNELBASE.dll
0x00007ffbb8ec0000 - 0x00007ffbb8f6c000 	C:\WINDOWS\System32\ADVAPI32.dll
0x00007ffbb9110000 - 0x00007ffbb91ae000 	C:\WINDOWS\System32\msvcrt.dll
0x00007ffbb8470000 - 0x00007ffbb850c000 	C:\WINDOWS\System32\sechost.dll
0x00007ffbb9400000 - 0x00007ffbb952b000 	C:\WINDOWS\System32\RPCRT4.dll
0x00007ffbb8f70000 - 0x00007ffbb9110000 	C:\WINDOWS\System32\USER32.dll
0x00007ffbb7a90000 - 0x00007ffbb7ab2000 	C:\WINDOWS\System32\win32u.dll
0x00007ffbb8580000 - 0x00007ffbb85aa000 	C:\WINDOWS\System32\GDI32.dll
0x00007ffbb7980000 - 0x00007ffbb7a8b000 	C:\WINDOWS\System32\gdi32full.dll
0x00007ffbb7b40000 - 0x00007ffbb7bdd000 	C:\WINDOWS\System32\msvcp_win.dll
0x00007ffbb7880000 - 0x00007ffbb7980000 	C:\WINDOWS\System32\ucrtbase.dll
0x00007ffb9ba70000 - 0x00007ffb9bd0a000 	C:\WINDOWS\WinSxS\amd64_microsoft.windows.common-controls_6595b64144ccf1df_6.0.19041.844_none_ca00b6081b84eb1d\COMCTL32.dll
0x00007ffbb9530000 - 0x00007ffbb9560000 	C:\WINDOWS\System32\IMM32.DLL
0x00000000627c0000 - 0x0000000062892000 	C:\Program Files\Android\Android Studio\jre\jre\bin\msvcr100.dll
0x0000000061da0000 - 0x00000000625eb000 	C:\Program Files\Android\Android Studio\jre\jre\bin\server\jvm.dll
0x00007ffbb99d0000 - 0x00007ffbb99d8000 	C:\WINDOWS\System32\PSAPI.DLL
0x00007ffb98ce0000 - 0x00007ffb98d07000 	C:\WINDOWS\SYSTEM32\WINMM.dll
0x00007ffbae950000 - 0x00007ffbae95a000 	C:\WINDOWS\SYSTEM32\VERSION.dll
0x00007ffbb1790000 - 0x00007ffbb1799000 	C:\WINDOWS\SYSTEM32\WSOCK32.dll
0x00007ffbb8700000 - 0x00007ffbb876b000 	C:\WINDOWS\System32\ws2_32.DLL
0x00007ffb97150000 - 0x00007ffb9715f000 	C:\Program Files\Android\Android Studio\jre\jre\bin\verify.dll
0x00007ffb6e880000 - 0x00007ffb6e8a9000 	C:\Program Files\Android\Android Studio\jre\jre\bin\java.dll
0x00007ffb6f9f0000 - 0x00007ffb6fa06000 	C:\Program Files\Android\Android Studio\jre\jre\bin\zip.dll
0x00007ffbb8770000 - 0x00007ffbb8eb2000 	C:\WINDOWS\System32\SHELL32.dll
0x00007ffbb5450000 - 0x00007ffbb5be0000 	C:\WINDOWS\SYSTEM32\windows.storage.dll
0x00007ffbb8040000 - 0x00007ffbb8395000 	C:\WINDOWS\System32\combase.dll
0x00007ffbb6d80000 - 0x00007ffbb6dac000 	C:\WINDOWS\SYSTEM32\Wldp.dll
0x00007ffbb83a0000 - 0x00007ffbb844e000 	C:\WINDOWS\System32\SHCORE.dll
0x00007ffbb86a0000 - 0x00007ffbb86f5000 	C:\WINDOWS\System32\shlwapi.dll
0x00007ffbb7250000 - 0x00007ffbb726f000 	C:\WINDOWS\SYSTEM32\profapi.dll
0x0000000065ac0000 - 0x0000000065aec000 	C:\Users\merak\AppData\Local\Temp\libgdxmerak\515ef75a\gdx64.dll
0x00007ffbb6ce0000 - 0x00007ffbb6cf8000 	C:\WINDOWS\SYSTEM32\CRYPTSP.dll
0x00007ffbb6430000 - 0x00007ffbb6464000 	C:\WINDOWS\system32\rsaenh.dll
0x00007ffbb7470000 - 0x00007ffbb7497000 	C:\WINDOWS\System32\bcrypt.dll
0x00007ffbb7210000 - 0x00007ffbb723e000 	C:\WINDOWS\SYSTEM32\USERENV.dll
0x00007ffbb7ac0000 - 0x00007ffbb7b40000 	C:\WINDOWS\System32\bcryptprimitives.dll
0x00007ffbb6cd0000 - 0x00007ffbb6cdc000 	C:\WINDOWS\SYSTEM32\CRYPTBASE.dll
0x00007ffb6e860000 - 0x00007ffb6e87a000 	C:\Program Files\Android\Android Studio\jre\jre\bin\net.dll
0x00007ffbb6b00000 - 0x00007ffbb6b6a000 	C:\WINDOWS\system32\mswsock.dll
0x00007ffbb67a0000 - 0x00007ffbb67db000 	C:\WINDOWS\SYSTEM32\IPHLPAPI.DLL
0x00007ffbb8570000 - 0x00007ffbb8578000 	C:\WINDOWS\System32\NSI.dll
0x00007ffbaf450000 - 0x00007ffbaf467000 	C:\WINDOWS\SYSTEM32\dhcpcsvc6.DLL
0x00007ffbb0550000 - 0x00007ffbb056d000 	C:\WINDOWS\SYSTEM32\dhcpcsvc.DLL
0x00007ffbb67f0000 - 0x00007ffbb68bb000 	C:\WINDOWS\SYSTEM32\DNSAPI.dll
0x00007ffb6d490000 - 0x00007ffb6d4a3000 	C:\Program Files\Android\Android Studio\jre\jre\bin\nio.dll
0x0000000180000000 - 0x0000000180053000 	C:\Users\merak\AppData\Local\Temp\libgdxmerak\1cecf4f6\lwjgl64.dll
0x00007ffb95b00000 - 0x00007ffb95c26000 	C:\WINDOWS\SYSTEM32\OPENGL32.dll
0x00007ffbb0c20000 - 0x00007ffbb0c4c000 	C:\WINDOWS\SYSTEM32\GLU32.dll
0x000000001b2b0000 - 0x000000001b314000 	C:\Users\merak\AppData\Local\Temp\libgdxmerak\1cecf4f6\OpenAL64.dll
0x00007ffbb7eb0000 - 0x00007ffbb7fda000 	C:\WINDOWS\System32\ole32.dll
0x00007ffbb5bf0000 - 0x00007ffbb5c02000 	C:\WINDOWS\SYSTEM32\kernel.appcore.dll
0x00007ffbb4930000 - 0x00007ffbb49ce000 	C:\WINDOWS\system32\uxtheme.dll
0x00007ffbb9280000 - 0x00007ffbb9329000 	C:\WINDOWS\System32\clbcatq.dll
0x00007ffb55000000 - 0x00007ffb5509c000 	C:\WINDOWS\SYSTEM32\dsound.dll
0x00007ffbb6910000 - 0x00007ffbb695b000 	C:\WINDOWS\SYSTEM32\powrprof.dll
0x00007ffba3e30000 - 0x00007ffba3e56000 	C:\WINDOWS\SYSTEM32\winmmbase.dll
0x00007ffbb6780000 - 0x00007ffbb6792000 	C:\WINDOWS\SYSTEM32\UMPDC.dll
0x00007ffbb0940000 - 0x00007ffbb09c5000 	C:\WINDOWS\System32\MMDevApi.dll
0x00007ffbb70c0000 - 0x00007ffbb70ec000 	C:\WINDOWS\System32\DEVOBJ.dll
0x00007ffbb7be0000 - 0x00007ffbb7c2e000 	C:\WINDOWS\System32\cfgmgr32.dll
0x00007ffbb09e0000 - 0x00007ffbb0b65000 	C:\WINDOWS\SYSTEM32\AUDIOSES.DLL
0x00007ffbb9330000 - 0x00007ffbb93fd000 	C:\WINDOWS\System32\OLEAUT32.dll
0x00007ffbb4af0000 - 0x00007ffbb4b04000 	C:\WINDOWS\SYSTEM32\resourcepolicyclient.dll
0x00007ffbb1b90000 - 0x00007ffbb1c3e000 	C:\WINDOWS\SYSTEM32\mscms.dll
0x00007ffbb1ad0000 - 0x00007ffbb1ae1000 	C:\WINDOWS\SYSTEM32\ColorAdapterClient.dll
0x00007ffbadb10000 - 0x00007ffbadb53000 	C:\Windows\System32\Windows.Internal.Graphics.Display.DisplayColorManagement.dll
0x00007ffbb7d90000 - 0x00007ffbb7ea5000 	C:\WINDOWS\System32\MSCTF.dll
0x00007ffb9ff80000 - 0x00007ffba007b000 	C:\WINDOWS\SYSTEM32\textinputframework.dll
0x00007ffbb4580000 - 0x00007ffbb4672000 	C:\WINDOWS\System32\CoreMessaging.dll
0x00007ffbb3ea0000 - 0x00007ffbb41fe000 	C:\WINDOWS\System32\CoreUIComponents.dll
0x00007ffbb2ec0000 - 0x00007ffbb3014000 	C:\WINDOWS\SYSTEM32\wintypes.dll
0x00007ffbb6060000 - 0x00007ffbb6093000 	C:\WINDOWS\SYSTEM32\ntmarta.dll
0x00007ffbaf110000 - 0x00007ffbaf20a000 	C:\Windows\System32\AppXDeploymentClient.dll
0x00007ffb7d8e0000 - 0x00007ffb7e8aa000 	C:\WINDOWS\System32\DriverStore\FileRepository\iigd_dch.inf_amd64_657d56a89b3d77d6\ig9icd64.dll
0x00007ffbb4be0000 - 0x00007ffbb4c0f000 	C:\WINDOWS\system32\dwmapi.dll
0x00007ffbb5c60000 - 0x00007ffbb5d53000 	C:\WINDOWS\system32\dxgi.dll
0x00007ffbaa200000 - 0x00007ffbaa43f000 	C:\WINDOWS\System32\DriverStore\FileRepository\iigd_dch.inf_amd64_657d56a89b3d77d6\igdgmm64.dll
0x00007ffb9d050000 - 0x00007ffb9d093000 	C:\WINDOWS\SYSTEM32\icm32.dll
0x00007ffb7a5c0000 - 0x00007ffb7a9cc000 	C:\WINDOWS\System32\DriverStore\FileRepository\iigd_dch.inf_amd64_657d56a89b3d77d6\igdml64.dll
0x00007ffba7630000 - 0x00007ffbaa1f9000 	C:\WINDOWS\System32\DriverStore\FileRepository\iigd_dch.inf_amd64_657d56a89b3d77d6\igc64.dll
0x0000000069a80000 - 0x0000000069b2b000 	C:\Users\merak\AppData\Local\Temp\libgdxmerak\de81924d\gdx-freetype64.dll
0x00007ffb51fb0000 - 0x00007ffb5214c000 	C:\Program Files\Android\Android Studio\jre\jre\bin\awt.dll
0x00007ffbb36f0000 - 0x00007ffbb3cb0000 	C:\WINDOWS\SYSTEM32\d2d1.dll
0x00007ffbb47b0000 - 0x00007ffbb4840000 	C:\WINDOWS\SYSTEM32\apphelp.dll
0x00007ffbb4fe0000 - 0x00007ffbb51c4000 	C:\WINDOWS\SYSTEM32\dbghelp.dll

VM Arguments:
jvm_args: -Dfile.encoding=windows-1254 -Duser.country=TR -Duser.language=tr -Duser.variant 
java_command: com.serhatmerak.wordlist.desktop.DesktopLauncher
java_class_path (initial): C:\Users\merak\Desktop\WordListApp\desktop\build\classes\java\main;C:\Users\merak\Desktop\WordListApp\desktop\build\resources\main;C:\Users\merak\.gradle\caches\modules-2\files-2.1\com.badlogicgames.gdx\gdx-backend-lwjgl\1.9.11\3c094feb74e2aef14e30e988326612ee75387c8f\gdx-backend-lwjgl-1.9.11.jar;C:\Users\merak\.gradle\caches\modules-2\files-2.1\com.badlogicgames.gdx\gdx-platform\1.9.11\2de1e7285bec0aac89b4d3e55ac33a9f22016f42\gdx-platform-1.9.11-natives-desktop.jar;C:\Users\merak\.gradle\caches\modules-2\files-2.1\com.badlogicgames.gdx\gdx-freetype-platform\1.9.11\715c0820cbb4b2ae4ac52a567bec03958e22603a\gdx-freetype-platform-1.9.11-natives-desktop.jar;C:\Users\merak\Desktop\WordListApp\core\build\libs\core-1.0.jar;C:\Users\merak\Desktop\WordListApp\core\libs\jsoup-1.13.1.jar;C:\Users\merak\.gradle\caches\modules-2\files-2.1\com.badlogicgames.gdx\gdx-freetype\1.9.11\e3d124aa5c89a2cfc134ed0c5e9dee4736a90618\gdx-freetype-1.9.11.jar;C:\Users\merak\.gradle\caches\modules-2\files-2.1\com.badlogicgames.gdx\gdx\1.9.11\69fe46897eed6f92e3f01b75cc7ca5f860881a8b\gdx-1.9.11.jar;C:\Users\merak\.gradle\caches\modules-2\files-2.1\org.lwjgl.lwjgl\lwjgl_util\2.9.3\751f06b62424da056954c67288fd5c494431e350\lwjgl_util-2.9.3.jar;C:\Users\merak\.gradle\caches\modules-2\files-2.1\org.lwjgl.lwjgl\lwjgl\2.9.3\3df168ac74e4a8c96562cdff24ad352e255bf89c\lwjgl-2.9.3.jar;C:\Users\merak\.gradle\caches\modules-2\files-2.1\com.badlogicgames.jlayer\jlayer\1.0.1-gdx\7cca83cec5c1b2f011362f4d85aabd71a73b049d\jlayer-1.0.1-gdx.jar;C:\Users\merak\.gradle\caches\modules-2\files-2.1\org.jcraft\jorbis\0.0.17\8872d22b293e8f5d7d56ff92be966e6dc28ebdc6\jorbis-0.0.17.jar;C:\Users\merak\.gradle\caches\modules-2\files-2.1\org.lwjgl.lwjgl\lwjgl-platform\2.9.3\fbc2afb3e288578e9942578decb6291a490549a0\lwjgl-platform-2.9.3-natives-windows.jar;C:\Users\merak\.gradle\caches\modules-2\files-2.1\org.lwjgl.lwjgl\lwjgl-platform\2.9.3\b1eafe80093381c56415731e1d64279e6140bcd0\lwjgl-platform-2.9.3-n
Launcher Type: SUN_STANDARD

Environment Variables:
PATH=C:\Program Files (x86)\Common Files\Oracle\Java\javapath;C:\Windows\system32;C:\Windows;C:\Windows\System32\Wbem;C:\Windows\System32\WindowsPowerShell\v1.0\;C:\Windows\System32\OpenSSH\;C:\Program Files (x86)\NVIDIA Corporation\PhysX\Common;C:\Program Files\NVIDIA Corporation\NVIDIA NvDLISR;C:\Program Files\dotnet\;C:\Program Files\Microsoft SQL Server\130\Tools\Binn\;C:\Program Files\Microsoft SQL Server\Client SDK\ODBC\170\Tools\Binn\;C:\Program Files\Git\cmd;C:\WINDOWS\system32;C:\WINDOWS;C:\WINDOWS\System32\Wbem;C:\WINDOWS\System32\WindowsPowerShell\v1.0\;C:\WINDOWS\System32\OpenSSH\;C:\Users\merak\AppData\Local\Microsoft\WindowsApps;C:\Users\merak\.dotnet\tools;C:\Flutter\Flutter SDK\flutter\bin;;C:\Users\merak\AppData\Local\Programs\Microsoft VS Code\bin
USERNAME=merak
OS=Windows_NT
PROCESSOR_IDENTIFIER=Intel64 Family 6 Model 165 Stepping 2, GenuineIntel



---------------  S Y S T E M  ---------------

OS: Windows 10.0 , 64 bit Build 19041 (10.0.19041.804)

CPU:total 8 (initial active 8) (4 cores per cpu, 2 threads per core) family 6 model 165 stepping 2, cmov, cx8, fxsr, mmx, sse, sse2, sse3, ssse3, sse4.1, sse4.2, popcnt, avx, avx2, aes, clmul, erms, 3dnowpref, lzcnt, ht, tsc, tscinvbit, bmi1, bmi2, adx

Memory: 4k page, physical 8253684k(351192k free), swap 33419508k(6136k free)

vm_info: OpenJDK 64-Bit Server VM (25.242-b01) for windows-amd64 JRE (1.8.0_242-release-1644-b01), built by "builder" with MS VC++ 10.0 (VS2010)

time: Sat Apr 03 01:32:05 2021
timezone: Türkiye Standart Saati
elapsed time: 6 seconds (0d 0h 0m 6s)

