#
# A fatal error has been detected by the Java Runtime Environment:
#
#  EXCEPTION_ACCESS_VIOLATION (0xc0000005) at pc=0x00007ffb7e2a3c53, pid=18136, tid=0x00000000000005bc
#
# JRE version: OpenJDK Runtime Environment (8.0_242-b01) (build 1.8.0_242-release-1644-b01)
# Java VM: OpenJDK 64-Bit Server VM (25.242-b01 mixed mode windows-amd64 compressed oops)
# Problematic frame:
# C  [ig9icd64.dll+0x9c3c53]
#
# Failed to write core dump. Minidumps are not enabled by default on client versions of Windows
#
# If you would like to submit a bug report, please visit:
#   
# The crash happened outside the Java Virtual Machine in native code.
# See problematic frame for where to report the bug.
#

---------------  T H R E A D  ---------------

Current thread (0x000000001acf1800):  JavaThread "LWJGL Application" [_thread_in_native, id=1468, stack(0x000000001b7c0000,0x000000001b8c0000)]

siginfo: ExceptionCode=0xc0000005, reading address 0x00007ffebe4b9f50

Registers:
RAX=0x000000000fff0fff, RBX=0x00007ffb7d8e0000, RCX=0x000000033fcf3fcc, RDX=0x000000001b8bf0a0
RSP=0x000000001b8beb88, RBP=0x000000001b8bec90, RSI=0x000000001c53a5c0, RDI=0x000000001b8bee90
R8 =0x000000001b8becc0, R9 =0x000000001b8bf0a0, R10=0x000000001b8bee90, R11=0x0000000000000000
R12=0x00007ffb7e70a420, R13=0x0000000000000000, R14=0x0000000000000000, R15=0x00000000000001c1
RIP=0x00007ffb7e2a3c53, EFLAGS=0x0000000000010206

Top of Stack: (sp=0x000000001b8beb88)
0x000000001b8beb88:   00007ffb7e2a138b 0000000000000001
0x000000001b8beb98:   0000000000b00000 0000000021ce8340
0x000000001b8beba8:   0000000000000000 00007ffb00000000
0x000000001b8bebb8:   0000000021d82ba0 0000000000000002
0x000000001b8bebc8:   0000000000000000 0000000000b00000
0x000000001b8bebd8:   0000000080000000 0000000000000038
0x000000001b8bebe8:   0000078000000018 0000000000ba2c00
0x000000001b8bebf8:   00007ffbb79a5d94 0000000000c365f0
0x000000001b8bec08:   00000000c000012d 0000000000000000
0x000000001b8bec18:   0000000000ba2c00 0000000000000000
0x000000001b8bec28:   00007ffbb79a5c6f 0000000000000000
0x000000001b8bec38:   0000000000000000 fffffffff2012594
0x000000001b8bec48:   000000001b410160 0000fffffffff201
0x000000001b8bec58:   00007ffbb9bfb86b 0000000001040053
0x000000001b8bec68:   0000000000000015 000000001d15a4a0
0x000000001b8bec78:   000000001b8bef00 000000001b8becd0 

Instructions: (pc=0x00007ffb7e2a3c53)
0x00007ffb7e2a3c33:   40 44 8b 84 19 6c 5f ee 00 41 89 40 48 8b 84 19
0x00007ffb7e2a3c43:   70 5f ee 00 41 89 40 4c 49 63 42 78 48 6b c8 34
0x00007ffb7e2a3c53:   8b 84 19 84 5f ee 00 41 89 40 50 8b 84 19 88 5f
0x00007ffb7e2a3c63:   ee 00 41 89 40 54 8b 84 19 8c 5f ee 00 41 89 40 


Register to memory mapping:

RAX=0x000000000fff0fff is an unknown value
RBX=0x00007ffb7d8e0000 is an unknown value
RCX=0x000000033fcf3fcc is an unknown value
RDX=0x000000001b8bf0a0 is pointing into the stack for thread: 0x000000001acf1800
RSP=0x000000001b8beb88 is pointing into the stack for thread: 0x000000001acf1800
RBP=0x000000001b8bec90 is pointing into the stack for thread: 0x000000001acf1800
RSI=0x000000001c53a5c0 is an unknown value
RDI=0x000000001b8bee90 is pointing into the stack for thread: 0x000000001acf1800
R8 =0x000000001b8becc0 is pointing into the stack for thread: 0x000000001acf1800
R9 =0x000000001b8bf0a0 is pointing into the stack for thread: 0x000000001acf1800
R10=0x000000001b8bee90 is pointing into the stack for thread: 0x000000001acf1800
R11=0x0000000000000000 is an unknown value
R12=0x00007ffb7e70a420 is an unknown value
R13=0x0000000000000000 is an unknown value
R14=0x0000000000000000 is an unknown value
R15=0x00000000000001c1 is an unknown value


Stack: [0x000000001b7c0000,0x000000001b8c0000],  sp=0x000000001b8beb88,  free space=1018k
Native frames: (J=compiled Java code, j=interpreted, Vv=VM code, C=native code)
C  [ig9icd64.dll+0x9c3c53]
C  [ig9icd64.dll+0x9c138b]
C  [ig9icd64.dll+0x9caad7]
C  [ig9icd64.dll+0x5d7393]
C  [ig9icd64.dll+0x5d85a6]
C  [ig9icd64.dll+0x5a5c0b]
C  [ig9icd64.dll+0x924594]
C  0x0000000002c88a07

Java frames: (J=compiled Java code, j=interpreted, Vv=VM code)
j  org.lwjgl.opengl.GL11.nglClear(IJ)V+0
j  org.lwjgl.opengl.GL11.glClear(I)V+15
j  com.badlogic.gdx.backends.lwjgl.LwjglGL20.glClear(I)V+1
j  com.serhatmerak.wordlist.screens.StudyCardScreen.render(F)V+42
j  com.badlogic.gdx.Game.render()V+19
j  com.badlogic.gdx.backends.lwjgl.LwjglApplication.mainLoop()V+776
j  com.badlogic.gdx.backends.lwjgl.LwjglApplication$1.run()V+27
v  ~StubRoutines::call_stub

---------------  P R O C E S S  ---------------

Java Threads: ( => current thread )
  0x000000001b20f000 JavaThread "LWJGL Timer" daemon [_thread_blocked, id=22164, stack(0x00000000291c0000,0x00000000292c0000)]
  0x00000000273a9800 JavaThread "AWT-Windows" daemon [_thread_in_native, id=24120, stack(0x0000000028890000,0x0000000028990000)]
  0x00000000273a8800 JavaThread "Java2D Disposer" daemon [_thread_blocked, id=22492, stack(0x0000000028690000,0x0000000028790000)]
  0x0000000002b72800 JavaThread "DestroyJavaVM" [_thread_blocked, id=19552, stack(0x0000000002a70000,0x0000000002b70000)]
=>0x000000001acf1800 JavaThread "LWJGL Application" [_thread_in_native, id=1468, stack(0x000000001b7c0000,0x000000001b8c0000)]
  0x0000000019a51000 JavaThread "Service Thread" daemon [_thread_blocked, id=9256, stack(0x000000001a670000,0x000000001a770000)]
  0x00000000199c3000 JavaThread "C1 CompilerThread3" daemon [_thread_blocked, id=24156, stack(0x000000001a570000,0x000000001a670000)]
  0x00000000199bd000 JavaThread "C2 CompilerThread2" daemon [_thread_blocked, id=20920, stack(0x000000001a470000,0x000000001a570000)]
  0x0000000017bbe000 JavaThread "C2 CompilerThread1" daemon [_thread_blocked, id=12392, stack(0x000000001a370000,0x000000001a470000)]
  0x00000000199b6000 JavaThread "C2 CompilerThread0" daemon [_thread_blocked, id=15208, stack(0x000000001a270000,0x000000001a370000)]
  0x00000000199b4000 JavaThread "Attach Listener" daemon [_thread_blocked, id=8896, stack(0x000000001a170000,0x000000001a270000)]
  0x00000000199b3000 JavaThread "Signal Dispatcher" daemon [_thread_blocked, id=9796, stack(0x000000001a070000,0x000000001a170000)]
  0x00000000199a1000 JavaThread "Finalizer" daemon [_thread_blocked, id=15580, stack(0x0000000019e80000,0x0000000019f80000)]
  0x0000000002c68000 JavaThread "Reference Handler" daemon [_thread_blocked, id=15976, stack(0x0000000019d80000,0x0000000019e80000)]

Other Threads:
  0x0000000017ba6800 VMThread [stack: 0x0000000019880000,0x0000000019980000] [id=12440]
  0x0000000019a5a000 WatcherThread [stack: 0x000000001a770000,0x000000001a870000] [id=3532]

VM state:not at safepoint (normal execution)

VM Mutex/Monitor currently owned by a thread: None

heap address: 0x0000000082000000, size: 2016 MB, Compressed Oops mode: 32-bit
Narrow klass base: 0x0000000000000000, Narrow klass shift: 3
Compressed class space size: 1073741824 Address: 0x0000000100000000

Heap:
 PSYoungGen      total 37888K, used 10878K [0x00000000d6000000, 0x00000000d8a00000, 0x0000000100000000)
  eden space 32768K, 17% used [0x00000000d6000000,0x00000000d65a4358,0x00000000d8000000)
  from space 5120K, 99% used [0x00000000d8500000,0x00000000d89fb890,0x00000000d8a00000)
  to   space 5120K, 0% used [0x00000000d8000000,0x00000000d8000000,0x00000000d8500000)
 ParOldGen       total 86016K, used 39645K [0x0000000082000000, 0x0000000087400000, 0x00000000d6000000)
  object space 86016K, 46% used [0x0000000082000000,0x00000000846b76a8,0x0000000087400000)
 Metaspace       used 13086K, capacity 13243K, committed 13568K, reserved 1060864K
  class space    used 1332K, capacity 1420K, committed 1536K, reserved 1048576K

Card table byte_map: [0x0000000012030000,0x0000000012430000] byte_map_base: 0x0000000011c20000

Marking Bits: (ParMarkBitMap*) 0x000000006256f030
 Begin Bits: [0x0000000012ed0000, 0x0000000014e50000)
 End Bits:   [0x0000000014e50000, 0x0000000016dd0000)

Polling page: 0x00000000010e0000

CodeCache: size=245760Kb used=6674Kb max_used=6675Kb free=239085Kb
 bounds [0x0000000002c70000, 0x0000000003300000, 0x0000000011c70000]
 total_blobs=2351 nmethods=1773 adapters=491
 compilation: enabled

Compilation events (10 events):
Event: 9.124 Thread 0x00000000199c3000 1769   !   3       com.badlogic.gdx.backends.lwjgl.LwjglGraphics::requestRendering (20 bytes)
Event: 9.125 Thread 0x00000000199c3000 nmethod 1769 0x00000000032fae90 code [0x00000000032fafe0, 0x00000000032fb2d0]
Event: 9.157 Thread 0x00000000199c3000 1770       3       com.badlogic.gdx.scenes.scene2d.Event::setStage (6 bytes)
Event: 9.158 Thread 0x00000000199c3000 nmethod 1770 0x00000000032f5850 code [0x00000000032f59a0, 0x00000000032f5b10]
Event: 9.191 Thread 0x00000000199c3000 1771       3       com.badlogic.gdx.scenes.scene2d.Action::setPool (6 bytes)
Event: 9.191 Thread 0x00000000199c3000 nmethod 1771 0x00000000032fab50 code [0x00000000032faca0, 0x00000000032fae10]
Event: 9.224 Thread 0x00000000199b6000 1772       4       com.badlogic.gdx.math.Affine2::setToTrnRotScl (92 bytes)
Event: 9.225 Thread 0x00000000199b6000 nmethod 1772 0x00000000032f9b90 code [0x00000000032f9d00, 0x00000000032f9dd8]
Event: 9.240 Thread 0x00000000199c3000 1773       3       com.badlogic.gdx.scenes.scene2d.Group::hit (118 bytes)
Event: 9.242 Thread 0x00000000199c3000 nmethod 1773 0x00000000032f8e50 code [0x00000000032f9020, 0x00000000032f9828]

GC Heap History (8 events):
Event: 1.752 GC heap before
{Heap before GC invocations=1 (full 0):
 PSYoungGen      total 37888K, used 32768K [0x00000000d6000000, 0x00000000d8a00000, 0x0000000100000000)
  eden space 32768K, 100% used [0x00000000d6000000,0x00000000d8000000,0x00000000d8000000)
  from space 5120K, 0% used [0x00000000d8500000,0x00000000d8500000,0x00000000d8a00000)
  to   space 5120K, 0% used [0x00000000d8000000,0x00000000d8000000,0x00000000d8500000)
 ParOldGen       total 86016K, used 0K [0x0000000082000000, 0x0000000087400000, 0x00000000d6000000)
  object space 86016K, 0% used [0x0000000082000000,0x0000000082000000,0x0000000087400000)
 Metaspace       used 7069K, capacity 7203K, committed 7424K, reserved 1056768K
  class space    used 643K, capacity 688K, committed 768K, reserved 1048576K
Event: 1.761 GC heap after
Heap after GC invocations=1 (full 0):
 PSYoungGen      total 37888K, used 5090K [0x00000000d6000000, 0x00000000d8a00000, 0x0000000100000000)
  eden space 32768K, 0% used [0x00000000d6000000,0x00000000d6000000,0x00000000d8000000)
  from space 5120K, 99% used [0x00000000d8000000,0x00000000d84f8960,0x00000000d8500000)
  to   space 5120K, 0% used [0x00000000d8500000,0x00000000d8500000,0x00000000d8a00000)
 ParOldGen       total 86016K, used 2885K [0x0000000082000000, 0x0000000087400000, 0x00000000d6000000)
  object space 86016K, 3% used [0x0000000082000000,0x00000000822d1448,0x0000000087400000)
 Metaspace       used 7069K, capacity 7203K, committed 7424K, reserved 1056768K
  class space    used 643K, capacity 688K, committed 768K, reserved 1048576K
}
Event: 2.408 GC heap before
{Heap before GC invocations=2 (full 0):
 PSYoungGen      total 37888K, used 37858K [0x00000000d6000000, 0x00000000d8a00000, 0x0000000100000000)
  eden space 32768K, 100% used [0x00000000d6000000,0x00000000d8000000,0x00000000d8000000)
  from space 5120K, 99% used [0x00000000d8000000,0x00000000d84f8960,0x00000000d8500000)
  to   space 5120K, 0% used [0x00000000d8500000,0x00000000d8500000,0x00000000d8a00000)
 ParOldGen       total 86016K, used 2885K [0x0000000082000000, 0x0000000087400000, 0x00000000d6000000)
  object space 86016K, 3% used [0x0000000082000000,0x00000000822d1448,0x0000000087400000)
 Metaspace       used 11670K, capacity 11829K, committed 12032K, reserved 1060864K
  class space    used 1168K, capacity 1227K, committed 1280K, reserved 1048576K
Event: 2.414 GC heap after
Heap after GC invocations=2 (full 0):
 PSYoungGen      total 37888K, used 5118K [0x00000000d6000000, 0x00000000d8a00000, 0x0000000100000000)
  eden space 32768K, 0% used [0x00000000d6000000,0x00000000d6000000,0x00000000d8000000)
  from space 5120K, 99% used [0x00000000d8500000,0x00000000d89ff968,0x00000000d8a00000)
  to   space 5120K, 0% used [0x00000000d8000000,0x00000000d8000000,0x00000000d8500000)
 ParOldGen       total 86016K, used 6319K [0x0000000082000000, 0x0000000087400000, 0x00000000d6000000)
  object space 86016K, 7% used [0x0000000082000000,0x000000008262bc88,0x0000000087400000)
 Metaspace       used 11670K, capacity 11829K, committed 12032K, reserved 1060864K
  class space    used 1168K, capacity 1227K, committed 1280K, reserved 1048576K
}
Event: 4.524 GC heap before
{Heap before GC invocations=3 (full 0):
 PSYoungGen      total 37888K, used 37886K [0x00000000d6000000, 0x00000000d8a00000, 0x0000000100000000)
  eden space 32768K, 100% used [0x00000000d6000000,0x00000000d8000000,0x00000000d8000000)
  from space 5120K, 99% used [0x00000000d8500000,0x00000000d89ff968,0x00000000d8a00000)
  to   space 5120K, 0% used [0x00000000d8000000,0x00000000d8000000,0x00000000d8500000)
 ParOldGen       total 86016K, used 6319K [0x0000000082000000, 0x0000000087400000, 0x00000000d6000000)
  object space 86016K, 7% used [0x0000000082000000,0x000000008262bc88,0x0000000087400000)
 Metaspace       used 12742K, capacity 12923K, committed 13184K, reserved 1060864K
  class space    used 1282K, capacity 1356K, committed 1408K, reserved 1048576K
Event: 4.539 GC heap after
Heap after GC invocations=3 (full 0):
 PSYoungGen      total 37888K, used 5103K [0x00000000d6000000, 0x00000000d8a00000, 0x0000000100000000)
  eden space 32768K, 0% used [0x00000000d6000000,0x00000000d6000000,0x00000000d8000000)
  from space 5120K, 99% used [0x00000000d8000000,0x00000000d84fbf88,0x00000000d8500000)
  to   space 5120K, 0% used [0x00000000d8500000,0x00000000d8500000,0x00000000d8a00000)
 ParOldGen       total 86016K, used 23965K [0x0000000082000000, 0x0000000087400000, 0x00000000d6000000)
  object space 86016K, 27% used [0x0000000082000000,0x0000000083767630,0x0000000087400000)
 Metaspace       used 12742K, capacity 12923K, committed 13184K, reserved 1060864K
  class space    used 1282K, capacity 1356K, committed 1408K, reserved 1048576K
}
Event: 7.195 GC heap before
{Heap before GC invocations=4 (full 0):
 PSYoungGen      total 37888K, used 37871K [0x00000000d6000000, 0x00000000d8a00000, 0x0000000100000000)
  eden space 32768K, 100% used [0x00000000d6000000,0x00000000d8000000,0x00000000d8000000)
  from space 5120K, 99% used [0x00000000d8000000,0x00000000d84fbf88,0x00000000d8500000)
  to   space 5120K, 0% used [0x00000000d8500000,0x00000000d8500000,0x00000000d8a00000)
 ParOldGen       total 86016K, used 23965K [0x0000000082000000, 0x0000000087400000, 0x00000000d6000000)
  object space 86016K, 27% used [0x0000000082000000,0x0000000083767630,0x0000000087400000)
 Metaspace       used 13050K, capacity 13243K, committed 13568K, reserved 1060864K
  class space    used 1329K, capacity 1420K, committed 1536K, reserved 1048576K
Event: 7.216 GC heap after
Heap after GC invocations=4 (full 0):
 PSYoungGen      total 37888K, used 5102K [0x00000000d6000000, 0x00000000d8a00000, 0x0000000100000000)
  eden space 32768K, 0% used [0x00000000d6000000,0x00000000d6000000,0x00000000d8000000)
  from space 5120K, 99% used [0x00000000d8500000,0x00000000d89fb890,0x00000000d8a00000)
  to   space 5120K, 0% used [0x00000000d8000000,0x00000000d8000000,0x00000000d8500000)
 ParOldGen       total 86016K, used 39645K [0x0000000082000000, 0x0000000087400000, 0x00000000d6000000)
  object space 86016K, 46% used [0x0000000082000000,0x00000000846b76a8,0x0000000087400000)
 Metaspace       used 13050K, capacity 13243K, committed 13568K, reserved 1060864K
  class space    used 1329K, capacity 1420K, committed 1536K, reserved 1048576K
}

Deoptimization events (10 events):
Event: 7.238 Thread 0x000000001acf1800 Uncommon trap: reason=class_check action=maybe_recompile pc=0x00000000032b76f8 method=com.badlogic.gdx.scenes.scene2d.ui.Image.setDrawable(Lcom/badlogic/gdx/scenes/scene2d/utils/Drawable;)V @ 18
Event: 7.240 Thread 0x000000001acf1800 Uncommon trap: reason=unstable_if action=reinterpret pc=0x00000000032790b8 method=com.badlogic.gdx.utils.SnapshotArray.end()V @ 18
Event: 7.242 Thread 0x000000001acf1800 Uncommon trap: reason=unstable_if action=reinterpret pc=0x0000000003268a28 method=com.badlogic.gdx.scenes.scene2d.ui.Table.ensureSize([FI)[F @ 7
Event: 7.242 Thread 0x000000001acf1800 Uncommon trap: reason=unstable_if action=reinterpret pc=0x000000000320c7f8 method=com.badlogic.gdx.scenes.scene2d.ui.Table.ensureSize([FI)[F @ 7
Event: 7.242 Thread 0x000000001acf1800 Uncommon trap: reason=class_check action=maybe_recompile pc=0x000000000327b780 method=com.badlogic.gdx.scenes.scene2d.ui.Image.draw(Lcom/badlogic/gdx/graphics/g2d/Batch;F)V @ 61
Event: 7.243 Thread 0x000000001acf1800 Uncommon trap: reason=class_check action=maybe_recompile pc=0x000000000327b780 method=com.badlogic.gdx.scenes.scene2d.ui.Image.draw(Lcom/badlogic/gdx/graphics/g2d/Batch;F)V @ 61
Event: 7.250 Thread 0x000000001acf1800 Uncommon trap: reason=class_check action=maybe_recompile pc=0x000000000327b780 method=com.badlogic.gdx.scenes.scene2d.ui.Image.draw(Lcom/badlogic/gdx/graphics/g2d/Batch;F)V @ 61
Event: 7.260 Thread 0x000000001acf1800 Uncommon trap: reason=class_check action=maybe_recompile pc=0x000000000327b780 method=com.badlogic.gdx.scenes.scene2d.ui.Image.draw(Lcom/badlogic/gdx/graphics/g2d/Batch;F)V @ 61
Event: 7.862 Thread 0x000000001acf1800 Uncommon trap: reason=unstable_if action=reinterpret pc=0x00000000032d73e4 method=com.badlogic.gdx.scenes.scene2d.ui.Image.draw(Lcom/badlogic/gdx/graphics/g2d/Batch;F)V @ 77
Event: 9.206 Thread 0x000000001acf1800 Uncommon trap: reason=unstable_if action=reinterpret pc=0x000000000320d2e8 method=com.badlogic.gdx.scenes.scene2d.Group.hit(FFZ)Lcom/badlogic/gdx/scenes/scene2d/Actor; @ 20

Classes redefined (0 events):
No events

Internal exceptions (10 events):
Event: 0.560 Thread 0x0000000002b72800 Exception <a 'java/security/PrivilegedActionException'> (0x00000000d64c78f8) thrown at [C:\src\AOSP-openjdk-git\hotspot\src\share\vm\prims\jvm.cpp, line 1502]
Event: 0.560 Thread 0x0000000002b72800 Exception <a 'java/security/PrivilegedActionException'> (0x00000000d64c8520) thrown at [C:\src\AOSP-openjdk-git\hotspot\src\share\vm\prims\jvm.cpp, line 1502]
Event: 2.010 Thread 0x000000001acf1800 Implicit null exception at 0x0000000002fdd6b0 to 0x0000000002fdea01
Event: 2.117 Thread 0x000000001acf1800 Exception <a 'java/io/FileNotFoundException'> (0x00000000d7c40d40) thrown at [C:\src\AOSP-openjdk-git\hotspot\src\share\vm\prims\jni.cpp, line 710]
Event: 2.182 Thread 0x000000001acf1800 Exception <a 'java/lang/NoSuchFieldError': method resolution failed> (0x00000000d7d10ed0) thrown at [C:\src\AOSP-openjdk-git\hotspot\src\share\vm\prims\methodHandles.cpp, line 1167]
Event: 2.184 Thread 0x000000001acf1800 Exception <a 'java/lang/NoSuchFieldError': method resolution failed> (0x00000000d7d1e1f0) thrown at [C:\src\AOSP-openjdk-git\hotspot\src\share\vm\prims\methodHandles.cpp, line 1167]
Event: 2.258 Thread 0x000000001acf1800 Exception <a 'java/io/FileNotFoundException'> (0x00000000d7db6828) thrown at [C:\src\AOSP-openjdk-git\hotspot\src\share\vm\prims\jni.cpp, line 710]
Event: 2.342 Thread 0x000000001acf1800 Implicit null exception at 0x0000000002eb5c94 to 0x0000000002eb6041
Event: 2.343 Thread 0x000000001acf1800 Implicit null exception at 0x0000000002e4a096 to 0x0000000002e4a431
Event: 7.240 Thread 0x000000001acf1800 Implicit null exception at 0x0000000003278fc5 to 0x00000000032790a5

Events (10 events):
Event: 7.250 Thread 0x000000001acf1800 DEOPT UNPACKING pc=0x0000000002cb557b sp=0x000000001b8bef80 mode 2
Event: 7.260 Thread 0x000000001acf1800 Uncommon trap: trap_request=0xffffffde fr.pc=0x000000000327b780
Event: 7.260 Thread 0x000000001acf1800 DEOPT PACKING pc=0x000000000327b780 sp=0x000000001b8befd0
Event: 7.260 Thread 0x000000001acf1800 DEOPT UNPACKING pc=0x0000000002cb557b sp=0x000000001b8bef80 mode 2
Event: 7.862 Thread 0x000000001acf1800 Uncommon trap: trap_request=0xffffff65 fr.pc=0x00000000032d73e4
Event: 7.862 Thread 0x000000001acf1800 DEOPT PACKING pc=0x00000000032d73e4 sp=0x000000001b8bf000
Event: 7.862 Thread 0x000000001acf1800 DEOPT UNPACKING pc=0x0000000002cb557b sp=0x000000001b8bef80 mode 2
Event: 9.206 Thread 0x000000001acf1800 Uncommon trap: trap_request=0xffffff65 fr.pc=0x000000000320d2e8
Event: 9.206 Thread 0x000000001acf1800 DEOPT PACKING pc=0x000000000320d2e8 sp=0x000000001b8bf120
Event: 9.206 Thread 0x000000001acf1800 DEOPT UNPACKING pc=0x0000000002cb557b sp=0x000000001b8bf0b0 mode 2


Dynamic libraries:
0x00007ff7ac500000 - 0x00007ff7ac531000 	C:\Program Files\Android\Android Studio\jre\bin\java.exe
0x00007ffbb9bd0000 - 0x00007ffbb9dc5000 	C:\WINDOWS\SYSTEM32\ntdll.dll
0x00007ffbb91b0000 - 0x00007ffbb926d000 	C:\WINDOWS\System32\KERNEL32.DLL
0x00007ffbb74a0000 - 0x00007ffbb7769000 	C:\WINDOWS\System32\KERNELBASE.dll
0x00007ffbb8ec0000 - 0x00007ffbb8f6c000 	C:\WINDOWS\System32\ADVAPI32.dll
0x00007ffbb9110000 - 0x00007ffbb91ae000 	C:\WINDOWS\System32\msvcrt.dll
0x00007ffbb8470000 - 0x00007ffbb850c000 	C:\WINDOWS\System32\sechost.dll
0x00007ffbb9400000 - 0x00007ffbb952b000 	C:\WINDOWS\System32\RPCRT4.dll
0x00007ffbb8f70000 - 0x00007ffbb9110000 	C:\WINDOWS\System32\USER32.dll
0x00007ffbb7a90000 - 0x00007ffbb7ab2000 	C:\WINDOWS\System32\win32u.dll
0x00007ffbb8580000 - 0x00007ffbb85aa000 	C:\WINDOWS\System32\GDI32.dll
0x00007ffbb7980000 - 0x00007ffbb7a8b000 	C:\WINDOWS\System32\gdi32full.dll
0x00007ffbb7b40000 - 0x00007ffbb7bdd000 	C:\WINDOWS\System32\msvcp_win.dll
0x00007ffbb7880000 - 0x00007ffbb7980000 	C:\WINDOWS\System32\ucrtbase.dll
0x00007ffb9ba70000 - 0x00007ffb9bd0a000 	C:\WINDOWS\WinSxS\amd64_microsoft.windows.common-controls_6595b64144ccf1df_6.0.19041.844_none_ca00b6081b84eb1d\COMCTL32.dll
0x00007ffbb9530000 - 0x00007ffbb9560000 	C:\WINDOWS\System32\IMM32.DLL
0x00000000627c0000 - 0x0000000062892000 	C:\Program Files\Android\Android Studio\jre\jre\bin\msvcr100.dll
0x0000000061da0000 - 0x00000000625eb000 	C:\Program Files\Android\Android Studio\jre\jre\bin\server\jvm.dll
0x00007ffbb99d0000 - 0x00007ffbb99d8000 	C:\WINDOWS\System32\PSAPI.DLL
0x00007ffb98ce0000 - 0x00007ffb98d07000 	C:\WINDOWS\SYSTEM32\WINMM.dll
0x00007ffbae950000 - 0x00007ffbae95a000 	C:\WINDOWS\SYSTEM32\VERSION.dll
0x00007ffbb1790000 - 0x00007ffbb1799000 	C:\WINDOWS\SYSTEM32\WSOCK32.dll
0x00007ffbb8700000 - 0x00007ffbb876b000 	C:\WINDOWS\System32\WS2_32.dll
0x00007ffb97150000 - 0x00007ffb9715f000 	C:\Program Files\Android\Android Studio\jre\jre\bin\verify.dll
0x00007ffb6e880000 - 0x00007ffb6e8a9000 	C:\Program Files\Android\Android Studio\jre\jre\bin\java.dll
0x00007ffb6f9f0000 - 0x00007ffb6fa06000 	C:\Program Files\Android\Android Studio\jre\jre\bin\zip.dll
0x00007ffbb8770000 - 0x00007ffbb8eb2000 	C:\WINDOWS\System32\SHELL32.dll
0x00007ffbb5450000 - 0x00007ffbb5be0000 	C:\WINDOWS\SYSTEM32\windows.storage.dll
0x00007ffbb8040000 - 0x00007ffbb8395000 	C:\WINDOWS\System32\combase.dll
0x00007ffbb6d80000 - 0x00007ffbb6dac000 	C:\WINDOWS\SYSTEM32\Wldp.dll
0x00007ffbb83a0000 - 0x00007ffbb844e000 	C:\WINDOWS\System32\SHCORE.dll
0x00007ffbb86a0000 - 0x00007ffbb86f5000 	C:\WINDOWS\System32\shlwapi.dll
0x00007ffbb7250000 - 0x00007ffbb726f000 	C:\WINDOWS\SYSTEM32\profapi.dll
0x0000000065ac0000 - 0x0000000065aec000 	C:\Users\merak\AppData\Local\Temp\libgdxmerak\515ef75a\gdx64.dll
0x00007ffbb6ce0000 - 0x00007ffbb6cf8000 	C:\WINDOWS\SYSTEM32\CRYPTSP.dll
0x00007ffbb6430000 - 0x00007ffbb6464000 	C:\WINDOWS\system32\rsaenh.dll
0x00007ffbb7470000 - 0x00007ffbb7497000 	C:\WINDOWS\System32\bcrypt.dll
0x00007ffbb7210000 - 0x00007ffbb723e000 	C:\WINDOWS\SYSTEM32\USERENV.dll
0x00007ffbb7ac0000 - 0x00007ffbb7b40000 	C:\WINDOWS\System32\bcryptprimitives.dll
0x00007ffbb6cd0000 - 0x00007ffbb6cdc000 	C:\WINDOWS\SYSTEM32\CRYPTBASE.dll
0x00007ffb6e860000 - 0x00007ffb6e87a000 	C:\Program Files\Android\Android Studio\jre\jre\bin\net.dll
0x00007ffbb6b00000 - 0x00007ffbb6b6a000 	C:\WINDOWS\system32\mswsock.dll
0x00007ffbb67a0000 - 0x00007ffbb67db000 	C:\WINDOWS\SYSTEM32\IPHLPAPI.DLL
0x00007ffbb8570000 - 0x00007ffbb8578000 	C:\WINDOWS\System32\NSI.dll
0x00007ffbaf450000 - 0x00007ffbaf467000 	C:\WINDOWS\SYSTEM32\dhcpcsvc6.DLL
0x00007ffbb0550000 - 0x00007ffbb056d000 	C:\WINDOWS\SYSTEM32\dhcpcsvc.DLL
0x00007ffbb67f0000 - 0x00007ffbb68bb000 	C:\WINDOWS\SYSTEM32\DNSAPI.dll
0x00007ffb6d490000 - 0x00007ffb6d4a3000 	C:\Program Files\Android\Android Studio\jre\jre\bin\nio.dll
0x0000000180000000 - 0x0000000180053000 	C:\Users\merak\AppData\Local\Temp\libgdxmerak\1cecf4f6\lwjgl64.dll
0x00007ffb95b00000 - 0x00007ffb95c26000 	C:\WINDOWS\SYSTEM32\OPENGL32.dll
0x00007ffbb0c20000 - 0x00007ffbb0c4c000 	C:\WINDOWS\SYSTEM32\GLU32.dll
0x00000000029a0000 - 0x0000000002a04000 	C:\Users\merak\AppData\Local\Temp\libgdxmerak\1cecf4f6\OpenAL64.dll
0x00007ffbb7eb0000 - 0x00007ffbb7fda000 	C:\WINDOWS\System32\ole32.dll
0x00007ffbb5bf0000 - 0x00007ffbb5c02000 	C:\WINDOWS\SYSTEM32\kernel.appcore.dll
0x00007ffbb4930000 - 0x00007ffbb49ce000 	C:\WINDOWS\system32\uxtheme.dll
0x00007ffbb9280000 - 0x00007ffbb9329000 	C:\WINDOWS\System32\clbcatq.dll
0x00007ffb55000000 - 0x00007ffb5509c000 	C:\WINDOWS\SYSTEM32\dsound.dll
0x00007ffba3e30000 - 0x00007ffba3e56000 	C:\WINDOWS\SYSTEM32\winmmbase.dll
0x00007ffbb6910000 - 0x00007ffbb695b000 	C:\WINDOWS\SYSTEM32\powrprof.dll
0x00007ffbb6780000 - 0x00007ffbb6792000 	C:\WINDOWS\SYSTEM32\UMPDC.dll
0x00007ffbb0940000 - 0x00007ffbb09c5000 	C:\WINDOWS\System32\MMDevApi.dll
0x00007ffbb70c0000 - 0x00007ffbb70ec000 	C:\WINDOWS\System32\DEVOBJ.dll
0x00007ffbb7be0000 - 0x00007ffbb7c2e000 	C:\WINDOWS\System32\cfgmgr32.dll
0x00007ffbb09e0000 - 0x00007ffbb0b65000 	C:\WINDOWS\SYSTEM32\AUDIOSES.DLL
0x00007ffbb9330000 - 0x00007ffbb93fd000 	C:\WINDOWS\System32\OLEAUT32.dll
0x00007ffbb4af0000 - 0x00007ffbb4b04000 	C:\WINDOWS\SYSTEM32\resourcepolicyclient.dll
0x00007ffbb1b90000 - 0x00007ffbb1c3e000 	C:\WINDOWS\SYSTEM32\mscms.dll
0x00007ffbb1ad0000 - 0x00007ffbb1ae1000 	C:\WINDOWS\SYSTEM32\ColorAdapterClient.dll
0x00007ffbadb10000 - 0x00007ffbadb53000 	C:\Windows\System32\Windows.Internal.Graphics.Display.DisplayColorManagement.dll
0x00007ffbb7d90000 - 0x00007ffbb7ea5000 	C:\WINDOWS\System32\MSCTF.dll
0x00007ffb9ff80000 - 0x00007ffba007b000 	C:\WINDOWS\SYSTEM32\textinputframework.dll
0x00007ffbb3ea0000 - 0x00007ffbb41fe000 	C:\WINDOWS\System32\CoreUIComponents.dll
0x00007ffbb4580000 - 0x00007ffbb4672000 	C:\WINDOWS\System32\CoreMessaging.dll
0x00007ffbb6060000 - 0x00007ffbb6093000 	C:\WINDOWS\SYSTEM32\ntmarta.dll
0x00007ffbb2ec0000 - 0x00007ffbb3014000 	C:\WINDOWS\SYSTEM32\wintypes.dll
0x00007ffbaf110000 - 0x00007ffbaf20a000 	C:\Windows\System32\AppXDeploymentClient.dll
0x00007ffb7d8e0000 - 0x00007ffb7e8aa000 	C:\WINDOWS\System32\DriverStore\FileRepository\iigd_dch.inf_amd64_657d56a89b3d77d6\ig9icd64.dll
0x00007ffbb4be0000 - 0x00007ffbb4c0f000 	C:\WINDOWS\system32\dwmapi.dll
0x00007ffbb5c60000 - 0x00007ffbb5d53000 	C:\WINDOWS\system32\dxgi.dll
0x00007ffbaa200000 - 0x00007ffbaa43f000 	C:\WINDOWS\System32\DriverStore\FileRepository\iigd_dch.inf_amd64_657d56a89b3d77d6\igdgmm64.dll
0x00007ffb9d050000 - 0x00007ffb9d093000 	C:\WINDOWS\SYSTEM32\icm32.dll
0x00007ffb7a5c0000 - 0x00007ffb7a9cc000 	C:\WINDOWS\System32\DriverStore\FileRepository\iigd_dch.inf_amd64_657d56a89b3d77d6\igdml64.dll
0x00007ffba7630000 - 0x00007ffbaa1f9000 	C:\WINDOWS\System32\DriverStore\FileRepository\iigd_dch.inf_amd64_657d56a89b3d77d6\igc64.dll
0x0000000069a80000 - 0x0000000069b2b000 	C:\Users\merak\AppData\Local\Temp\libgdxmerak\de81924d\gdx-freetype64.dll
0x00007ffb51fb0000 - 0x00007ffb5214c000 	C:\Program Files\Android\Android Studio\jre\jre\bin\awt.dll
0x00007ffbb36f0000 - 0x00007ffbb3cb0000 	C:\WINDOWS\SYSTEM32\d2d1.dll
0x00007ffbb47b0000 - 0x00007ffbb4840000 	C:\WINDOWS\SYSTEM32\apphelp.dll
0x00007ffbb4fe0000 - 0x00007ffbb51c4000 	C:\WINDOWS\SYSTEM32\dbghelp.dll

VM Arguments:
jvm_args: -Dfile.encoding=windows-1254 -Duser.country=TR -Duser.language=tr -Duser.variant 
java_command: com.serhatmerak.wordlist.desktop.DesktopLauncher
java_class_path (initial): C:\Users\merak\Desktop\WordListApp\desktop\build\classes\java\main;C:\Users\merak\Desktop\WordListApp\desktop\build\resources\main;C:\Users\merak\.gradle\caches\modules-2\files-2.1\com.badlogicgames.gdx\gdx-backend-lwjgl\1.9.11\3c094feb74e2aef14e30e988326612ee75387c8f\gdx-backend-lwjgl-1.9.11.jar;C:\Users\merak\.gradle\caches\modules-2\files-2.1\com.badlogicgames.gdx\gdx-platform\1.9.11\2de1e7285bec0aac89b4d3e55ac33a9f22016f42\gdx-platform-1.9.11-natives-desktop.jar;C:\Users\merak\.gradle\caches\modules-2\files-2.1\com.badlogicgames.gdx\gdx-freetype-platform\1.9.11\715c0820cbb4b2ae4ac52a567bec03958e22603a\gdx-freetype-platform-1.9.11-natives-desktop.jar;C:\Users\merak\Desktop\WordListApp\core\build\libs\core-1.0.jar;C:\Users\merak\Desktop\WordListApp\core\libs\jsoup-1.13.1.jar;C:\Users\merak\.gradle\caches\modules-2\files-2.1\com.badlogicgames.gdx\gdx-freetype\1.9.11\e3d124aa5c89a2cfc134ed0c5e9dee4736a90618\gdx-freetype-1.9.11.jar;C:\Users\merak\.gradle\caches\modules-2\files-2.1\com.badlogicgames.gdx\gdx\1.9.11\69fe46897eed6f92e3f01b75cc7ca5f860881a8b\gdx-1.9.11.jar;C:\Users\merak\.gradle\caches\modules-2\files-2.1\org.lwjgl.lwjgl\lwjgl_util\2.9.3\751f06b62424da056954c67288fd5c494431e350\lwjgl_util-2.9.3.jar;C:\Users\merak\.gradle\caches\modules-2\files-2.1\org.lwjgl.lwjgl\lwjgl\2.9.3\3df168ac74e4a8c96562cdff24ad352e255bf89c\lwjgl-2.9.3.jar;C:\Users\merak\.gradle\caches\modules-2\files-2.1\com.badlogicgames.jlayer\jlayer\1.0.1-gdx\7cca83cec5c1b2f011362f4d85aabd71a73b049d\jlayer-1.0.1-gdx.jar;C:\Users\merak\.gradle\caches\modules-2\files-2.1\org.jcraft\jorbis\0.0.17\8872d22b293e8f5d7d56ff92be966e6dc28ebdc6\jorbis-0.0.17.jar;C:\Users\merak\.gradle\caches\modules-2\files-2.1\org.lwjgl.lwjgl\lwjgl-platform\2.9.3\fbc2afb3e288578e9942578decb6291a490549a0\lwjgl-platform-2.9.3-natives-windows.jar;C:\Users\merak\.gradle\caches\modules-2\files-2.1\org.lwjgl.lwjgl\lwjgl-platform\2.9.3\b1eafe80093381c56415731e1d64279e6140bcd0\lwjgl-platform-2.9.3-n
Launcher Type: SUN_STANDARD

Environment Variables:
PATH=C:\Program Files (x86)\Common Files\Oracle\Java\javapath;C:\Windows\system32;C:\Windows;C:\Windows\System32\Wbem;C:\Windows\System32\WindowsPowerShell\v1.0\;C:\Windows\System32\OpenSSH\;C:\Program Files (x86)\NVIDIA Corporation\PhysX\Common;C:\Program Files\NVIDIA Corporation\NVIDIA NvDLISR;C:\Program Files\dotnet\;C:\Program Files\Microsoft SQL Server\130\Tools\Binn\;C:\Program Files\Microsoft SQL Server\Client SDK\ODBC\170\Tools\Binn\;C:\Program Files\Git\cmd;C:\WINDOWS\system32;C:\WINDOWS;C:\WINDOWS\System32\Wbem;C:\WINDOWS\System32\WindowsPowerShell\v1.0\;C:\WINDOWS\System32\OpenSSH\;C:\Users\merak\AppData\Local\Microsoft\WindowsApps;C:\Users\merak\.dotnet\tools;C:\Flutter\Flutter SDK\flutter\bin;;C:\Users\merak\AppData\Local\Programs\Microsoft VS Code\bin
USERNAME=merak
OS=Windows_NT
PROCESSOR_IDENTIFIER=Intel64 Family 6 Model 165 Stepping 2, GenuineIntel



---------------  S Y S T E M  ---------------

OS: Windows 10.0 , 64 bit Build 19041 (10.0.19041.804)

CPU:total 8 (initial active 8) (4 cores per cpu, 2 threads per core) family 6 model 165 stepping 2, cmov, cx8, fxsr, mmx, sse, sse2, sse3, ssse3, sse4.1, sse4.2, popcnt, avx, avx2, aes, clmul, erms, 3dnowpref, lzcnt, ht, tsc, tscinvbit, bmi1, bmi2, adx

Memory: 4k page, physical 8253684k(408272k free), swap 33419508k(10988k free)

vm_info: OpenJDK 64-Bit Server VM (25.242-b01) for windows-amd64 JRE (1.8.0_242-release-1644-b01), built by "builder" with MS VC++ 10.0 (VS2010)

time: Sat Apr 03 01:29:14 2021
timezone: Türkiye Standart Saati
elapsed time: 9 seconds (0d 0h 0m 9s)

